This file contains any messages produced by compilers while
running configure, to aid debugging if configure makes a mistake.

It was created by GNU Classpath configure 0.98, which was
generated by GNU Autoconf 2.63.  Invocation command line was

  $ ./configure 

## --------- ##
## Platform. ##
## --------- ##

hostname = LP-JKULIG-OSX
uname -m = x86_64
uname -r = 14.3.0
uname -s = Darwin
uname -v = Darwin Kernel Version 14.3.0: Mon Mar 23 11:59:05 PDT 2015; root:xnu-2782.20.48~5/RELEASE_X86_64

/usr/bin/uname -p = i386
/bin/uname -X     = unknown

/bin/arch              = unknown
/usr/bin/arch -k       = unknown
/usr/convex/getsysinfo = unknown
/usr/bin/hostinfo      = Mach kernel version:
	 Darwin Kernel Version 14.3.0: Mon Mar 23 11:59:05 PDT 2015; root:xnu-2782.20.48~5/RELEASE_X86_64
Kernel configured for up to 8 processors.
4 processors are physically available.
8 processors are logically available.
Processor type: x86_64h (Intel x86-64h Haswell)
Processors active: 0 1 2 3 4 5 6 7
Primary memory available: 16.00 gigabytes
Default processor set: 257 tasks, 1116 threads, 8 processors
Load average: 1.20, Mach factor: 6.79
/bin/machine           = unknown
/usr/bin/oslevel       = unknown
/bin/universe          = unknown

PATH: /usr/local/bin
PATH: /usr/bin
PATH: /bin
PATH: /usr/sbin
PATH: /sbin


## ----------- ##
## Core tests. ##
## ----------- ##

configure:2352: checking build system type
configure:2370: result: i386-apple-darwin14.3.0
configure:2392: checking host system type
configure:2407: result: i386-apple-darwin14.3.0
configure:2429: checking target system type
configure:2444: result: i386-apple-darwin14.3.0
configure:2509: checking for a BSD-compatible install
configure:2577: result: /usr/bin/install -c
configure:2588: checking whether build environment is sane
configure:2631: result: yes
configure:2656: checking for a thread-safe mkdir -p
configure:2695: result: ./install-sh -c -d
configure:2708: checking for gawk
configure:2738: result: no
configure:2708: checking for mawk
configure:2738: result: no
configure:2708: checking for nawk
configure:2738: result: no
configure:2708: checking for awk
configure:2724: found /usr/bin/awk
configure:2735: result: awk
configure:2746: checking whether make sets $(MAKE)
configure:2768: result: yes
configure:2947: checking how to create a ustar tar archive
configure:2960: tar --version
bsdtar 2.8.3 - libarchive 2.8.3
configure:2963: $? = 0
configure:3003: tardir=conftest.dir && eval tar --format=ustar -chf - "$tardir" >conftest.tar
tar: conftest.dir/: Numeric user ID too largeNumeric group ID too large
tar: conftest.dir/file: Numeric user ID too largeNumeric group ID too large
configure:3006: $? = 0
configure:3010: tar -xf - <conftest.tar
configure:3013: $? = 0
configure:3003: tardir=conftest.dir && eval pax -L -x ustar -w "$tardir" >conftest.tar
pax: Ustar header field is too small for uid 448225288, using nobody
pax: Ustar header field is too small for conftest.dir
pax: Ustar header field is too small for conftest.dir/file
configure:3006: $? = 1
configure:3010: pax -r <conftest.tar
pax: Cannot identify format. Searching...
pax: End of archive volume 1 reached
pax: Sorry, unable to determine archive format.
configure:3013: $? = 1
configure:3003: tardir=conftest.dir && eval find "$tardir" -print | cpio -o -H ustar -L >conftest.tar
cpio: conftest.dir: Numeric user ID too largeNumeric group ID too large: Result too large
cpio: conftest.dir/file: Numeric user ID too largeNumeric group ID too large: Result too large
2 blocks
configure:3006: $? = 0
configure:3010: cpio -i -H ustar -d <conftest.tar
cpio: Option --format requires -o
configure:3013: $? = 1
configure:3003: tardir=conftest.dir && eval false >conftest.tar
configure:3006: $? = 1
configure:3026: result: none
configure:3225: checking for style of include used by make
configure:3253: result: GNU
configure:3323: checking for gcc
configure:3339: found /usr/bin/gcc
configure:3350: result: gcc
configure:3582: checking for C compiler version
configure:3590: gcc --version >&5
Configured with: --prefix=/Library/Developer/CommandLineTools/usr --with-gxx-include-dir=/usr/include/c++/4.2.1
Apple LLVM version 6.1.0 (clang-602.0.49) (based on LLVM 3.6.0svn)
Target: x86_64-apple-darwin14.3.0
Thread model: posix
configure:3594: $? = 0
configure:3601: gcc -v >&5
Configured with: --prefix=/Library/Developer/CommandLineTools/usr --with-gxx-include-dir=/usr/include/c++/4.2.1

## ---------------- ##
## Cache variables. ##
## ---------------- ##

ac_cv_build=i386-apple-darwin14.3.0
ac_cv_env_CCC_set=
ac_cv_env_CCC_value=
ac_cv_env_CC_set=
ac_cv_env_CC_value=
ac_cv_env_CFLAGS_set=
ac_cv_env_CFLAGS_value=
ac_cv_env_CPPFLAGS_set=
ac_cv_env_CPPFLAGS_value=
ac_cv_env_CPP_set=
ac_cv_env_CPP_value=
ac_cv_env_CXXCPP_set=
ac_cv_env_CXXCPP_value=
ac_cv_env_CXXFLAGS_set=
ac_cv_env_CXXFLAGS_value=
ac_cv_env_CXX_set=
ac_cv_env_CXX_value=
ac_cv_env_F77_set=
ac_cv_env_F77_value=
ac_cv_env_FFLAGS_set=
ac_cv_env_FFLAGS_value=
ac_cv_env_LDFLAGS_set=
ac_cv_env_LDFLAGS_value=
ac_cv_env_LIBS_set=
ac_cv_env_LIBS_value=
ac_cv_env_XMKMF_set=
ac_cv_env_XMKMF_value=
ac_cv_env_build_alias_set=
ac_cv_env_build_alias_value=
ac_cv_env_host_alias_set=
ac_cv_env_host_alias_value=
ac_cv_env_target_alias_set=
ac_cv_env_target_alias_value=
ac_cv_host=i386-apple-darwin14.3.0
ac_cv_path_install='/usr/bin/install -c'
ac_cv_prog_AWK=awk
ac_cv_prog_ac_ct_CC=gcc
ac_cv_prog_make_make_set=yes
ac_cv_target=i386-apple-darwin14.3.0
am_cv_prog_tar_ustar=none

## ----------------- ##
## Output variables. ##
## ----------------- ##

ACLOCAL='${SHELL} /Users/jkulig/GitHub/JEI/classpath-0.98/missing --run aclocal-1.10'
AMDEPBACKSLASH='\'
AMDEP_FALSE='#'
AMDEP_TRUE=''
AMTAR='${SHELL} /Users/jkulig/GitHub/JEI/classpath-0.98/missing --run tar'
ANTLR=''
ANTLR_JAR=''
AR=''
AUTOCONF='${SHELL} /Users/jkulig/GitHub/JEI/classpath-0.98/missing --run autoconf'
AUTOHEADER='${SHELL} /Users/jkulig/GitHub/JEI/classpath-0.98/missing --run autoheader'
AUTOMAKE='${SHELL} /Users/jkulig/GitHub/JEI/classpath-0.98/missing --run automake-1.10'
AWK='awk'
BUILD_CLASS_FILES_FALSE=''
BUILD_CLASS_FILES_TRUE=''
CAIRO_CFLAGS=''
CAIRO_LIBS=''
CC='gcc'
CCDEPMODE=''
CFLAGS=''
CLASSPATH_CONVENIENCE='-no-undefined'
CLASSPATH_INCLUDES=''
CLASSPATH_MODULE=' -version-info 0:0:0 -no-undefined'
COLLECTIONS_PREFIX=''
CP=''
CPP=''
CPPFLAGS=''
CREATE_ALSA_LIBRARIES_FALSE=''
CREATE_ALSA_LIBRARIES_TRUE=''
CREATE_API_DOCS_FALSE=''
CREATE_API_DOCS_TRUE=''
CREATE_COLLECTIONS_FALSE=''
CREATE_COLLECTIONS_TRUE='#'
CREATE_CORE_JNI_LIBRARIES_FALSE='#'
CREATE_CORE_JNI_LIBRARIES_TRUE=''
CREATE_DSSI_LIBRARIES_FALSE=''
CREATE_DSSI_LIBRARIES_TRUE=''
CREATE_GCONF_PEER_LIBRARIES_FALSE='#'
CREATE_GCONF_PEER_LIBRARIES_TRUE=''
CREATE_GJDOC_FALSE=''
CREATE_GJDOC_PARSER_FALSE=''
CREATE_GJDOC_PARSER_TRUE=''
CREATE_GJDOC_TRUE=''
CREATE_GMPBI_LIBRARY_FALSE=''
CREATE_GMPBI_LIBRARY_TRUE=''
CREATE_GSTREAMER_PEER_LIBRARIES_FALSE=''
CREATE_GSTREAMER_PEER_LIBRARIES_TRUE='#'
CREATE_GTK_PEER_LIBRARIES_FALSE=''
CREATE_GTK_PEER_LIBRARIES_TRUE=''
CREATE_JNI_HEADERS_FALSE=''
CREATE_JNI_HEADERS_TRUE=''
CREATE_JNI_LIBRARIES_FALSE='#'
CREATE_JNI_LIBRARIES_TRUE=''
CREATE_PLUGIN_FALSE=''
CREATE_PLUGIN_TRUE=''
CREATE_QT_PEER_LIBRARIES_FALSE=''
CREATE_QT_PEER_LIBRARIES_TRUE=''
CREATE_WRAPPERS_FALSE=''
CREATE_WRAPPERS_TRUE=''
CREATE_XMLJ_LIBRARY_FALSE=''
CREATE_XMLJ_LIBRARY_TRUE='#'
CXX=''
CXXCPP=''
CXXDEPMODE=''
CXXFLAGS=''
CYGPATH_W='echo'
DATE=''
DEFAULT_PREFS_PEER='gnu.java.util.prefs.GConfBasedFactory'
DEFS=''
DEPDIR='.deps'
DSYMUTIL=''
ECHO='/bin/echo'
ECHO_C='\c'
ECHO_N=''
ECHO_T=''
ECJ_JAR=''
EGREP=''
ENABLE_LOCAL_SOCKETS_FALSE=''
ENABLE_LOCAL_SOCKETS_TRUE=''
ERROR_CFLAGS=''
EXAMPLESDIR=''
EXEEXT=''
EXTRA_CFLAGS=''
F77=''
FFLAGS=''
FIND=''
FREETYPE2_CFLAGS=''
FREETYPE2_LIBS=''
GCJ_JAVAC_FALSE=''
GCJ_JAVAC_TRUE=''
GCONF_CFLAGS=''
GCONF_LIBS=''
GDK_CFLAGS=''
GDK_LIBS=''
GJDOC=''
GLIB_CFLAGS=''
GLIB_LIBS=''
GMP_CFLAGS=''
GMP_LIBS=''
GREP=''
GSTREAMER_BASE_CFLAGS=''
GSTREAMER_BASE_LIBS=''
GSTREAMER_CFLAGS=''
GSTREAMER_FILE_READER=''
GSTREAMER_LIBS=''
GSTREAMER_MIXER_PROVIDER=''
GSTREAMER_PLUGINS_BASE_CFLAGS=''
GSTREAMER_PLUGINS_BASE_LIBS=''
GST_PLUGIN_LDFLAGS=''
GTK_CFLAGS=''
GTK_LIBS=''
INIT_LOAD_LIBRARY=''
INSTALL_CLASS_FILES_FALSE=''
INSTALL_CLASS_FILES_TRUE=''
INSTALL_DATA='${INSTALL} -m 644'
INSTALL_GLIBJ_ZIP_FALSE=''
INSTALL_GLIBJ_ZIP_TRUE=''
INSTALL_PROGRAM='${INSTALL}'
INSTALL_SCRIPT='${INSTALL}'
INSTALL_STRIP_PROGRAM='$(install_sh) -c -s'
JAR=''
JAVA=''
JAVAC=''
JAVAC_IS_GCJ=''
JAVAC_MEM_OPT=''
JAVA_LANG_SYSTEM_EXPLICIT_INITIALIZATION=''
JAY=''
JAY_SKELETON=''
LDFLAGS=''
LIBDEBUG=''
LIBICONV=''
LIBMAGIC=''
LIBOBJS=''
LIBS=''
LIBTOOL=''
LIBVERSION='0:0:0'
LN_S=''
LTLIBICONV=''
LTLIBOBJS=''
MAINT=''
MAINTAINER_MODE_FALSE=''
MAINTAINER_MODE_TRUE=''
MAKEINFO='${SHELL} /Users/jkulig/GitHub/JEI/classpath-0.98/missing --run makeinfo'
MKDIR=''
MKDIR_P='./install-sh -c -d'
MOC=''
MOZILLA_CFLAGS=''
MOZILLA_LIBS=''
NMEDIT=''
OBJEXT=''
PACKAGE='classpath'
PACKAGE_BUGREPORT='classpath@gnu.org'
PACKAGE_NAME='GNU Classpath'
PACKAGE_STRING='GNU Classpath 0.98'
PACKAGE_TARNAME='classpath'
PACKAGE_VERSION='0.98'
PANGOFT2_CFLAGS=''
PANGOFT2_LIBS=''
PATH_SEPARATOR=':'
PATH_TO_ESCHER=''
PATH_TO_GLIBJ_ZIP=''
PERL=''
PKG_CONFIG=''
PLUGIN_DIR=''
QT_CFLAGS=''
QT_LIBS=''
RANLIB=''
REGEN_PARSERS_FALSE=''
REGEN_PARSERS_TRUE=''
REMOVE=''
SED=''
SET_MAKE=''
SHELL='/bin/sh'
STRICT_WARNING_CFLAGS=''
STRIP=''
TOOLSDIR=''
USER_JAVAH=''
USE_ESCHER_FALSE=''
USE_ESCHER_TRUE=''
USE_PREBUILT_GLIBJ_ZIP_FALSE=''
USE_PREBUILT_GLIBJ_ZIP_TRUE=''
VERSION='0.98'
WANT_NATIVE_BIG_INTEGER=''
WARNING_CFLAGS=''
WITH_JAR_FALSE=''
WITH_JAR_TRUE=''
XMKMF=''
XML_CFLAGS=''
XML_LIBS=''
XSLT_CFLAGS=''
XSLT_LIBS=''
XTEST_LIBS=''
X_CFLAGS=''
X_EXTRA_LIBS=''
X_LIBS=''
X_PRE_LIBS=''
ZIP=''
ac_ct_ANTLR=''
ac_ct_CC='gcc'
ac_ct_CXX=''
ac_ct_F77=''
am__fastdepCC_FALSE=''
am__fastdepCC_TRUE=''
am__fastdepCXX_FALSE=''
am__fastdepCXX_TRUE=''
am__include='include'
am__isrc=''
am__leading_dot='.'
am__quote=''
am__tar='false'
am__untar='false'
bindir='${exec_prefix}/bin'
build='i386-apple-darwin14.3.0'
build_alias=''
build_cpu='i386'
build_os='darwin14.3.0'
build_vendor='apple'
datadir='${datarootdir}'
datarootdir='${prefix}/share'
default_toolkit='gnu.java.awt.peer.gtk.GtkToolkit'
docdir='${datarootdir}/doc/${PACKAGE_TARNAME}'
dvidir='${docdir}'
exec_prefix='NONE'
glibjdir=''
host='i386-apple-darwin14.3.0'
host_alias=''
host_cpu='i386'
host_os='darwin14.3.0'
host_vendor='apple'
htmldir='${docdir}'
includedir='${prefix}/include'
infodir='${datarootdir}/info'
install_sh='$(SHELL) /Users/jkulig/GitHub/JEI/classpath-0.98/install-sh'
libdir='${exec_prefix}/lib'
libexecdir='${exec_prefix}/libexec'
localedir='${datarootdir}/locale'
localstatedir='${prefix}/var'
mandir='${datarootdir}/man'
mkdir_p='$(top_builddir)/./install-sh -c -d'
nativeexeclibdir=''
oldincludedir='/usr/include'
pdfdir='${docdir}'
prefix='NONE'
program_transform_name='s,x,x,'
psdir='${docdir}'
sbindir='${exec_prefix}/sbin'
sharedstatedir='${prefix}/com'
sysconfdir='${prefix}/etc'
target='i386-apple-darwin14.3.0'
target_alias=''
target_cpu='x86'
target_os='darwin14.3.0'
target_vendor='apple'
uudecode=''
vm_classes=''

## ----------- ##
## confdefs.h. ##
## ----------- ##

#define PACKAGE_NAME "GNU Classpath"
#define PACKAGE_TARNAME "classpath"
#define PACKAGE_VERSION "0.98"
#define PACKAGE_STRING "GNU Classpath 0.98"
#define PACKAGE_BUGREPORT "classpath@gnu.org"
#define PACKAGE "classpath"
#define VERSION "0.98"

configure: caught signal 2
configure: exit 1
